c:\users\hanxinle\documents\github\windows-dev\regedit\debug\regedit.bsc
c:\users\hanxinle\documents\github\windows-dev\regedit\debug\regedit.pch
c:\users\hanxinle\documents\github\windows-dev\regedit\debug\vc141.pdb
c:\users\hanxinle\documents\github\windows-dev\regedit\debug\vc141.idb
c:\users\hanxinle\documents\github\windows-dev\regedit\debug\stdafx.sbr
c:\users\hanxinle\documents\github\windows-dev\regedit\debug\stdafx.obj
c:\users\hanxinle\documents\github\windows-dev\regedit\debug\regeditdlg.sbr
c:\users\hanxinle\documents\github\windows-dev\regedit\debug\regedit.sbr
c:\users\hanxinle\documents\github\windows-dev\regedit\debug\listdlg.sbr
c:\users\hanxinle\documents\github\windows-dev\regedit\debug\listdlg.obj
c:\users\hanxinle\documents\github\windows-dev\regedit\debug\regedit.obj
c:\users\hanxinle\documents\github\windows-dev\regedit\debug\regeditdlg.obj
c:\users\hanxinle\documents\github\windows-dev\regedit\debug\regedit.ilk
c:\users\hanxinle\documents\github\windows-dev\regedit\debug\regedit.exe
c:\users\hanxinle\documents\github\windows-dev\regedit\debug\regedit.pdb
c:\users\hanxinle\documents\github\windows-dev\regedit\debug\regedit.res
c:\users\hanxinle\documents\github\windows-dev\regedit\.\debug\regedit.exe
c:\users\hanxinle\documents\github\windows-dev\regedit\debug\regedit.tlog\bscmake.command.1.tlog
c:\users\hanxinle\documents\github\windows-dev\regedit\debug\regedit.tlog\bscmake.read.1.tlog
c:\users\hanxinle\documents\github\windows-dev\regedit\debug\regedit.tlog\bscmake.write.1.tlog
c:\users\hanxinle\documents\github\windows-dev\regedit\debug\regedit.tlog\cl.command.1.tlog
c:\users\hanxinle\documents\github\windows-dev\regedit\debug\regedit.tlog\cl.read.1.tlog
c:\users\hanxinle\documents\github\windows-dev\regedit\debug\regedit.tlog\cl.write.1.tlog
c:\users\hanxinle\documents\github\windows-dev\regedit\debug\regedit.tlog\link.command.1.tlog
c:\users\hanxinle\documents\github\windows-dev\regedit\debug\regedit.tlog\link.read.1.tlog
c:\users\hanxinle\documents\github\windows-dev\regedit\debug\regedit.tlog\link.write.1.tlog
c:\users\hanxinle\documents\github\windows-dev\regedit\debug\regedit.tlog\rc.command.1.tlog
c:\users\hanxinle\documents\github\windows-dev\regedit\debug\regedit.tlog\rc.read.1.tlog
c:\users\hanxinle\documents\github\windows-dev\regedit\debug\regedit.tlog\rc.write.1.tlog
